Build started 17-10-2018 16:46:36.
     1>Project "C:\Users\aapc-pa\Documents\bsl-ash-coal-blend-model\15_10_2018\coal_blending_software_backup_12_10_2018\Coal_Blending_View_12_10_2018\Coal_Blending_View\Coal_Blending_View.vcxproj" on node 2 (Rebuild target(s)).
     1>ClCompile:
         C:\Program Files (x86)\Microsoft Visual Studio 12.0\VC\bin\CL.exe /c /ZI /nologo /W3 /WX- /sdl /Od /Oy- /D WIN32 /D _WINDOWS /D _DEBUG /D _UNICODE /D UNICODE /D _AFXDLL /Gm /EHsc /RTC1 /MDd /GS /fp:precise /Zc:wchar_t /Zc:forScope /Yc"stdafx.h" /Fp"Debug\Coal_Blending_View.pch" /Fo"Debug\\" /Fd"Debug\vc120.pdb" /Gd /TP /analyze- /errorReport:prompt stdafx.cpp
         stdafx.cpp
         C:\Program Files (x86)\Microsoft Visual Studio 12.0\VC\bin\CL.exe /c /ZI /nologo /W3 /WX- /sdl /Od /Oy- /D WIN32 /D _WINDOWS /D _DEBUG /D _UNICODE /D UNICODE /D _AFXDLL /Gm /EHsc /RTC1 /MDd /GS /fp:precise /Zc:wchar_t /Zc:forScope /Yu"stdafx.h" /Fp"Debug\Coal_Blending_View.pch" /Fo"Debug\\" /Fd"Debug\vc120.pdb" /Gd /TP /analyze- /errorReport:prompt BlendPercent.cpp ChangeSource.cpp CoalSiloSource.cpp Coal_Blending_View.cpp Coal_Blending_ViewDoc.cpp Coal_Blending_ViewView.cpp CurrentY18Value.cpp MainFrm.cpp SetSiloStock.cpp SetSiloStock_02_54.cpp Setsilostock_2A_54a.cpp
         Setsilostock_2A_54a.cpp
     1>c:\users\aapc-pa\documents\bsl-ash-coal-blend-model\15_10_2018\coal_blending_software_backup_12_10_2018\coal_blending_view_12_10_2018\coal_blending_view\setsilostock_2a_54a.cpp(219): warning C4244: '=' : conversion from 'DOUBLE' to 'float', possible loss of data
     1>c:\users\aapc-pa\documents\bsl-ash-coal-blend-model\15_10_2018\coal_blending_software_backup_12_10_2018\coal_blending_view_12_10_2018\coal_blending_view\setsilostock_2a_54a.cpp(222): warning C4244: '=' : conversion from 'DOUBLE' to 'float', possible loss of data
     1>c:\users\aapc-pa\documents\bsl-ash-coal-blend-model\15_10_2018\coal_blending_software_backup_12_10_2018\coal_blending_view_12_10_2018\coal_blending_view\setsilostock_2a_54a.cpp(225): warning C4244: '=' : conversion from 'DOUBLE' to 'float', possible loss of data
     1>c:\users\aapc-pa\documents\bsl-ash-coal-blend-model\15_10_2018\coal_blending_software_backup_12_10_2018\coal_blending_view_12_10_2018\coal_blending_view\setsilostock_2a_54a.cpp(228): warning C4244: '=' : conversion from 'DOUBLE' to 'float', possible loss of data
     1>c:\users\aapc-pa\documents\bsl-ash-coal-blend-model\15_10_2018\coal_blending_software_backup_12_10_2018\coal_blending_view_12_10_2018\coal_blending_view\setsilostock_2a_54a.cpp(231): warning C4244: '=' : conversion from 'DOUBLE' to 'float', possible loss of data
     1>c:\users\aapc-pa\documents\bsl-ash-coal-blend-model\15_10_2018\coal_blending_software_backup_12_10_2018\coal_blending_view_12_10_2018\coal_blending_view\setsilostock_2a_54a.cpp(234): warning C4244: '=' : conversion from 'DOUBLE' to 'float', possible loss of data
     1>c:\users\aapc-pa\documents\bsl-ash-coal-blend-model\15_10_2018\coal_blending_software_backup_12_10_2018\coal_blending_view_12_10_2018\coal_blending_view\setsilostock_2a_54a.cpp(237): warning C4244: '=' : conversion from 'DOUBLE' to 'float', possible loss of data
     1>c:\users\aapc-pa\documents\bsl-ash-coal-blend-model\15_10_2018\coal_blending_software_backup_12_10_2018\coal_blending_view_12_10_2018\coal_blending_view\setsilostock_2a_54a.cpp(240): warning C4244: '=' : conversion from 'DOUBLE' to 'float', possible loss of data
     1>c:\users\aapc-pa\documents\bsl-ash-coal-blend-model\15_10_2018\coal_blending_software_backup_12_10_2018\coal_blending_view_12_10_2018\coal_blending_view\setsilostock_2a_54a.cpp(243): warning C4244: '=' : conversion from 'DOUBLE' to 'float', possible loss of data
     1>c:\users\aapc-pa\documents\bsl-ash-coal-blend-model\15_10_2018\coal_blending_software_backup_12_10_2018\coal_blending_view_12_10_2018\coal_blending_view\setsilostock_2a_54a.cpp(246): warning C4244: '=' : conversion from 'DOUBLE' to 'float', possible loss of data
     1>c:\users\aapc-pa\documents\bsl-ash-coal-blend-model\15_10_2018\coal_blending_software_backup_12_10_2018\coal_blending_view_12_10_2018\coal_blending_view\setsilostock_2a_54a.cpp(249): warning C4244: '=' : conversion from 'DOUBLE' to 'float', possible loss of data
     1>c:\users\aapc-pa\documents\bsl-ash-coal-blend-model\15_10_2018\coal_blending_software_backup_12_10_2018\coal_blending_view_12_10_2018\coal_blending_view\setsilostock_2a_54a.cpp(252): warning C4244: '=' : conversion from 'DOUBLE' to 'float', possible loss of data
     1>c:\users\aapc-pa\documents\bsl-ash-coal-blend-model\15_10_2018\coal_blending_software_backup_12_10_2018\coal_blending_view_12_10_2018\coal_blending_view\setsilostock_2a_54a.cpp(255): warning C4244: '=' : conversion from 'DOUBLE' to 'float', possible loss of data
     1>c:\users\aapc-pa\documents\bsl-ash-coal-blend-model\15_10_2018\coal_blending_software_backup_12_10_2018\coal_blending_view_12_10_2018\coal_blending_view\setsilostock_2a_54a.cpp(258): warning C4244: '=' : conversion from 'DOUBLE' to 'float', possible loss of data
     1>c:\users\aapc-pa\documents\bsl-ash-coal-blend-model\15_10_2018\coal_blending_software_backup_12_10_2018\coal_blending_view_12_10_2018\coal_blending_view\setsilostock_2a_54a.cpp(261): warning C4244: '=' : conversion from 'DOUBLE' to 'float', possible loss of data
     1>c:\users\aapc-pa\documents\bsl-ash-coal-blend-model\15_10_2018\coal_blending_software_backup_12_10_2018\coal_blending_view_12_10_2018\coal_blending_view\setsilostock_2a_54a.cpp(264): warning C4244: '=' : conversion from 'DOUBLE' to 'float', possible loss of data
     1>c:\users\aapc-pa\documents\bsl-ash-coal-blend-model\15_10_2018\coal_blending_software_backup_12_10_2018\coal_blending_view_12_10_2018\coal_blending_view\setsilostock_2a_54a.cpp(267): warning C4244: '=' : conversion from 'DOUBLE' to 'float', possible loss of data
     1>c:\users\aapc-pa\documents\bsl-ash-coal-blend-model\15_10_2018\coal_blending_software_backup_12_10_2018\coal_blending_view_12_10_2018\coal_blending_view\setsilostock_2a_54a.cpp(270): warning C4244: '=' : conversion from 'DOUBLE' to 'float', possible loss of data
     1>c:\users\aapc-pa\documents\bsl-ash-coal-blend-model\15_10_2018\coal_blending_software_backup_12_10_2018\coal_blending_view_12_10_2018\coal_blending_view\setsilostock_2a_54a.cpp(273): warning C4244: '=' : conversion from 'DOUBLE' to 'float', possible loss of data
     1>c:\users\aapc-pa\documents\bsl-ash-coal-blend-model\15_10_2018\coal_blending_software_backup_12_10_2018\coal_blending_view_12_10_2018\coal_blending_view\setsilostock_2a_54a.cpp(276): warning C4244: '=' : conversion from 'DOUBLE' to 'float', possible loss of data
     1>c:\users\aapc-pa\documents\bsl-ash-coal-blend-model\15_10_2018\coal_blending_software_backup_12_10_2018\coal_blending_view_12_10_2018\coal_blending_view\setsilostock_2a_54a.cpp(279): warning C4244: '=' : conversion from 'DOUBLE' to 'float', possible loss of data
     1>c:\users\aapc-pa\documents\bsl-ash-coal-blend-model\15_10_2018\coal_blending_software_backup_12_10_2018\coal_blending_view_12_10_2018\coal_blending_view\setsilostock_2a_54a.cpp(282): warning C4244: '=' : conversion from 'DOUBLE' to 'float', possible loss of data
     1>c:\users\aapc-pa\documents\bsl-ash-coal-blend-model\15_10_2018\coal_blending_software_backup_12_10_2018\coal_blending_view_12_10_2018\coal_blending_view\setsilostock_2a_54a.cpp(285): warning C4244: '=' : conversion from 'DOUBLE' to 'float', possible loss of data
     1>c:\users\aapc-pa\documents\bsl-ash-coal-blend-model\15_10_2018\coal_blending_software_backup_12_10_2018\coal_blending_view_12_10_2018\coal_blending_view\setsilostock_2a_54a.cpp(288): warning C4244: '=' : conversion from 'DOUBLE' to 'float', possible loss of data
     1>c:\users\aapc-pa\documents\bsl-ash-coal-blend-model\15_10_2018\coal_blending_software_backup_12_10_2018\coal_blending_view_12_10_2018\coal_blending_view\setsilostock_2a_54a.cpp(291): warning C4244: '=' : conversion from 'DOUBLE' to 'float', possible loss of data
     1>c:\users\aapc-pa\documents\bsl-ash-coal-blend-model\15_10_2018\coal_blending_software_backup_12_10_2018\coal_blending_view_12_10_2018\coal_blending_view\setsilostock_2a_54a.cpp(294): warning C4244: '=' : conversion from 'DOUBLE' to 'float', possible loss of data
     1>c:\users\aapc-pa\documents\bsl-ash-coal-blend-model\15_10_2018\coal_blending_software_backup_12_10_2018\coal_blending_view_12_10_2018\coal_blending_view\setsilostock_2a_54a.cpp(297): warning C4244: '=' : conversion from 'DOUBLE' to 'float', possible loss of data
     1>c:\users\aapc-pa\documents\bsl-ash-coal-blend-model\15_10_2018\coal_blending_software_backup_12_10_2018\coal_blending_view_12_10_2018\coal_blending_view\setsilostock_2a_54a.cpp(209): warning C4101: 'm_siloStock' : unreferenced local variable
         SetSiloStock_02_54.cpp
     1>c:\users\aapc-pa\documents\bsl-ash-coal-blend-model\15_10_2018\coal_blending_software_backup_12_10_2018\coal_blending_view_12_10_2018\coal_blending_view\setsilostock_02_54.cpp(219): warning C4244: '=' : conversion from 'DOUBLE' to 'float', possible loss of data
     1>c:\users\aapc-pa\documents\bsl-ash-coal-blend-model\15_10_2018\coal_blending_software_backup_12_10_2018\coal_blending_view_12_10_2018\coal_blending_view\setsilostock_02_54.cpp(222): warning C4244: '=' : conversion from 'DOUBLE' to 'float', possible loss of data
     1>c:\users\aapc-pa\documents\bsl-ash-coal-blend-model\15_10_2018\coal_blending_software_backup_12_10_2018\coal_blending_view_12_10_2018\coal_blending_view\setsilostock_02_54.cpp(225): warning C4244: '=' : conversion from 'DOUBLE' to 'float', possible loss of data
     1>c:\users\aapc-pa\documents\bsl-ash-coal-blend-model\15_10_2018\coal_blending_software_backup_12_10_2018\coal_blending_view_12_10_2018\coal_blending_view\setsilostock_02_54.cpp(228): warning C4244: '=' : conversion from 'DOUBLE' to 'float', possible loss of data
     1>c:\users\aapc-pa\documents\bsl-ash-coal-blend-model\15_10_2018\coal_blending_software_backup_12_10_2018\coal_blending_view_12_10_2018\coal_blending_view\setsilostock_02_54.cpp(231): warning C4244: '=' : conversion from 'DOUBLE' to 'float', possible loss of data
     1>c:\users\aapc-pa\documents\bsl-ash-coal-blend-model\15_10_2018\coal_blending_software_backup_12_10_2018\coal_blending_view_12_10_2018\coal_blending_view\setsilostock_02_54.cpp(234): warning C4244: '=' : conversion from 'DOUBLE' to 'float', possible loss of data
     1>c:\users\aapc-pa\documents\bsl-ash-coal-blend-model\15_10_2018\coal_blending_software_backup_12_10_2018\coal_blending_view_12_10_2018\coal_blending_view\setsilostock_02_54.cpp(237): warning C4244: '=' : conversion from 'DOUBLE' to 'float', possible loss of data
     1>c:\users\aapc-pa\documents\bsl-ash-coal-blend-model\15_10_2018\coal_blending_software_backup_12_10_2018\coal_blending_view_12_10_2018\coal_blending_view\setsilostock_02_54.cpp(240): warning C4244: '=' : conversion from 'DOUBLE' to 'float', possible loss of data
     1>c:\users\aapc-pa\documents\bsl-ash-coal-blend-model\15_10_2018\coal_blending_software_backup_12_10_2018\coal_blending_view_12_10_2018\coal_blending_view\setsilostock_02_54.cpp(243): warning C4244: '=' : conversion from 'DOUBLE' to 'float', possible loss of data
     1>c:\users\aapc-pa\documents\bsl-ash-coal-blend-model\15_10_2018\coal_blending_software_backup_12_10_2018\coal_blending_view_12_10_2018\coal_blending_view\setsilostock_02_54.cpp(246): warning C4244: '=' : conversion from 'DOUBLE' to 'float', possible loss of data
     1>c:\users\aapc-pa\documents\bsl-ash-coal-blend-model\15_10_2018\coal_blending_software_backup_12_10_2018\coal_blending_view_12_10_2018\coal_blending_view\setsilostock_02_54.cpp(249): warning C4244: '=' : conversion from 'DOUBLE' to 'float', possible loss of data
     1>c:\users\aapc-pa\documents\bsl-ash-coal-blend-model\15_10_2018\coal_blending_software_backup_12_10_2018\coal_blending_view_12_10_2018\coal_blending_view\setsilostock_02_54.cpp(252): warning C4244: '=' : conversion from 'DOUBLE' to 'float', possible loss of data
     1>c:\users\aapc-pa\documents\bsl-ash-coal-blend-model\15_10_2018\coal_blending_software_backup_12_10_2018\coal_blending_view_12_10_2018\coal_blending_view\setsilostock_02_54.cpp(255): warning C4244: '=' : conversion from 'DOUBLE' to 'float', possible loss of data
     1>c:\users\aapc-pa\documents\bsl-ash-coal-blend-model\15_10_2018\coal_blending_software_backup_12_10_2018\coal_blending_view_12_10_2018\coal_blending_view\setsilostock_02_54.cpp(258): warning C4244: '=' : conversion from 'DOUBLE' to 'float', possible loss of data
     1>c:\users\aapc-pa\documents\bsl-ash-coal-blend-model\15_10_2018\coal_blending_software_backup_12_10_2018\coal_blending_view_12_10_2018\coal_blending_view\setsilostock_02_54.cpp(261): warning C4244: '=' : conversion from 'DOUBLE' to 'float', possible loss of data
     1>c:\users\aapc-pa\documents\bsl-ash-coal-blend-model\15_10_2018\coal_blending_software_backup_12_10_2018\coal_blending_view_12_10_2018\coal_blending_view\setsilostock_02_54.cpp(264): warning C4244: '=' : conversion from 'DOUBLE' to 'float', possible loss of data
     1>c:\users\aapc-pa\documents\bsl-ash-coal-blend-model\15_10_2018\coal_blending_software_backup_12_10_2018\coal_blending_view_12_10_2018\coal_blending_view\setsilostock_02_54.cpp(267): warning C4244: '=' : conversion from 'DOUBLE' to 'float', possible loss of data
     1>c:\users\aapc-pa\documents\bsl-ash-coal-blend-model\15_10_2018\coal_blending_software_backup_12_10_2018\coal_blending_view_12_10_2018\coal_blending_view\setsilostock_02_54.cpp(270): warning C4244: '=' : conversion from 'DOUBLE' to 'float', possible loss of data
     1>c:\users\aapc-pa\documents\bsl-ash-coal-blend-model\15_10_2018\coal_blending_software_backup_12_10_2018\coal_blending_view_12_10_2018\coal_blending_view\setsilostock_02_54.cpp(273): warning C4244: '=' : conversion from 'DOUBLE' to 'float', possible loss of data
     1>c:\users\aapc-pa\documents\bsl-ash-coal-blend-model\15_10_2018\coal_blending_software_backup_12_10_2018\coal_blending_view_12_10_2018\coal_blending_view\setsilostock_02_54.cpp(276): warning C4244: '=' : conversion from 'DOUBLE' to 'float', possible loss of data
     1>c:\users\aapc-pa\documents\bsl-ash-coal-blend-model\15_10_2018\coal_blending_software_backup_12_10_2018\coal_blending_view_12_10_2018\coal_blending_view\setsilostock_02_54.cpp(279): warning C4244: '=' : conversion from 'DOUBLE' to 'float', possible loss of data
     1>c:\users\aapc-pa\documents\bsl-ash-coal-blend-model\15_10_2018\coal_blending_software_backup_12_10_2018\coal_blending_view_12_10_2018\coal_blending_view\setsilostock_02_54.cpp(282): warning C4244: '=' : conversion from 'DOUBLE' to 'float', possible loss of data
     1>c:\users\aapc-pa\documents\bsl-ash-coal-blend-model\15_10_2018\coal_blending_software_backup_12_10_2018\coal_blending_view_12_10_2018\coal_blending_view\setsilostock_02_54.cpp(285): warning C4244: '=' : conversion from 'DOUBLE' to 'float', possible loss of data
     1>c:\users\aapc-pa\documents\bsl-ash-coal-blend-model\15_10_2018\coal_blending_software_backup_12_10_2018\coal_blending_view_12_10_2018\coal_blending_view\setsilostock_02_54.cpp(288): warning C4244: '=' : conversion from 'DOUBLE' to 'float', possible loss of data
     1>c:\users\aapc-pa\documents\bsl-ash-coal-blend-model\15_10_2018\coal_blending_software_backup_12_10_2018\coal_blending_view_12_10_2018\coal_blending_view\setsilostock_02_54.cpp(291): warning C4244: '=' : conversion from 'DOUBLE' to 'float', possible loss of data
     1>c:\users\aapc-pa\documents\bsl-ash-coal-blend-model\15_10_2018\coal_blending_software_backup_12_10_2018\coal_blending_view_12_10_2018\coal_blending_view\setsilostock_02_54.cpp(294): warning C4244: '=' : conversion from 'DOUBLE' to 'float', possible loss of data
     1>c:\users\aapc-pa\documents\bsl-ash-coal-blend-model\15_10_2018\coal_blending_software_backup_12_10_2018\coal_blending_view_12_10_2018\coal_blending_view\setsilostock_02_54.cpp(297): warning C4244: '=' : conversion from 'DOUBLE' to 'float', possible loss of data
     1>c:\users\aapc-pa\documents\bsl-ash-coal-blend-model\15_10_2018\coal_blending_software_backup_12_10_2018\coal_blending_view_12_10_2018\coal_blending_view\setsilostock_02_54.cpp(209): warning C4101: 'm_siloStock' : unreferenced local variable
         SetSiloStock.cpp
     1>c:\users\aapc-pa\documents\bsl-ash-coal-blend-model\15_10_2018\coal_blending_software_backup_12_10_2018\coal_blending_view_12_10_2018\coal_blending_view\setsilostock.cpp(223): warning C4244: '=' : conversion from 'DOUBLE' to 'float', possible loss of data
     1>c:\users\aapc-pa\documents\bsl-ash-coal-blend-model\15_10_2018\coal_blending_software_backup_12_10_2018\coal_blending_view_12_10_2018\coal_blending_view\setsilostock.cpp(226): warning C4244: '=' : conversion from 'DOUBLE' to 'float', possible loss of data
     1>c:\users\aapc-pa\documents\bsl-ash-coal-blend-model\15_10_2018\coal_blending_software_backup_12_10_2018\coal_blending_view_12_10_2018\coal_blending_view\setsilostock.cpp(229): warning C4244: '=' : conversion from 'DOUBLE' to 'float', possible loss of data
     1>c:\users\aapc-pa\documents\bsl-ash-coal-blend-model\15_10_2018\coal_blending_software_backup_12_10_2018\coal_blending_view_12_10_2018\coal_blending_view\setsilostock.cpp(232): warning C4244: '=' : conversion from 'DOUBLE' to 'float', possible loss of data
     1>c:\users\aapc-pa\documents\bsl-ash-coal-blend-model\15_10_2018\coal_blending_software_backup_12_10_2018\coal_blending_view_12_10_2018\coal_blending_view\setsilostock.cpp(235): warning C4244: '=' : conversion from 'DOUBLE' to 'float', possible loss of data
     1>c:\users\aapc-pa\documents\bsl-ash-coal-blend-model\15_10_2018\coal_blending_software_backup_12_10_2018\coal_blending_view_12_10_2018\coal_blending_view\setsilostock.cpp(238): warning C4244: '=' : conversion from 'DOUBLE' to 'float', possible loss of data
     1>c:\users\aapc-pa\documents\bsl-ash-coal-blend-model\15_10_2018\coal_blending_software_backup_12_10_2018\coal_blending_view_12_10_2018\coal_blending_view\setsilostock.cpp(241): warning C4244: '=' : conversion from 'DOUBLE' to 'float', possible loss of data
     1>c:\users\aapc-pa\documents\bsl-ash-coal-blend-model\15_10_2018\coal_blending_software_backup_12_10_2018\coal_blending_view_12_10_2018\coal_blending_view\setsilostock.cpp(244): warning C4244: '=' : conversion from 'DOUBLE' to 'float', possible loss of data
     1>c:\users\aapc-pa\documents\bsl-ash-coal-blend-model\15_10_2018\coal_blending_software_backup_12_10_2018\coal_blending_view_12_10_2018\coal_blending_view\setsilostock.cpp(247): warning C4244: '=' : conversion from 'DOUBLE' to 'float', possible loss of data
     1>c:\users\aapc-pa\documents\bsl-ash-coal-blend-model\15_10_2018\coal_blending_software_backup_12_10_2018\coal_blending_view_12_10_2018\coal_blending_view\setsilostock.cpp(250): warning C4244: '=' : conversion from 'DOUBLE' to 'float', possible loss of data
     1>c:\users\aapc-pa\documents\bsl-ash-coal-blend-model\15_10_2018\coal_blending_software_backup_12_10_2018\coal_blending_view_12_10_2018\coal_blending_view\setsilostock.cpp(253): warning C4244: '=' : conversion from 'DOUBLE' to 'float', possible loss of data
     1>c:\users\aapc-pa\documents\bsl-ash-coal-blend-model\15_10_2018\coal_blending_software_backup_12_10_2018\coal_blending_view_12_10_2018\coal_blending_view\setsilostock.cpp(256): warning C4244: '=' : conversion from 'DOUBLE' to 'float', possible loss of data
     1>c:\users\aapc-pa\documents\bsl-ash-coal-blend-model\15_10_2018\coal_blending_software_backup_12_10_2018\coal_blending_view_12_10_2018\coal_blending_view\setsilostock.cpp(259): warning C4244: '=' : conversion from 'DOUBLE' to 'float', possible loss of data
     1>c:\users\aapc-pa\documents\bsl-ash-coal-blend-model\15_10_2018\coal_blending_software_backup_12_10_2018\coal_blending_view_12_10_2018\coal_blending_view\setsilostock.cpp(262): warning C4244: '=' : conversion from 'DOUBLE' to 'float', possible loss of data
     1>c:\users\aapc-pa\documents\bsl-ash-coal-blend-model\15_10_2018\coal_blending_software_backup_12_10_2018\coal_blending_view_12_10_2018\coal_blending_view\setsilostock.cpp(265): warning C4244: '=' : conversion from 'DOUBLE' to 'float', possible loss of data
     1>c:\users\aapc-pa\documents\bsl-ash-coal-blend-model\15_10_2018\coal_blending_software_backup_12_10_2018\coal_blending_view_12_10_2018\coal_blending_view\setsilostock.cpp(268): warning C4244: '=' : conversion from 'DOUBLE' to 'float', possible loss of data
     1>c:\users\aapc-pa\documents\bsl-ash-coal-blend-model\15_10_2018\coal_blending_software_backup_12_10_2018\coal_blending_view_12_10_2018\coal_blending_view\setsilostock.cpp(271): warning C4244: '=' : conversion from 'DOUBLE' to 'float', possible loss of data
     1>c:\users\aapc-pa\documents\bsl-ash-coal-blend-model\15_10_2018\coal_blending_software_backup_12_10_2018\coal_blending_view_12_10_2018\coal_blending_view\setsilostock.cpp(274): warning C4244: '=' : conversion from 'DOUBLE' to 'float', possible loss of data
     1>c:\users\aapc-pa\documents\bsl-ash-coal-blend-model\15_10_2018\coal_blending_software_backup_12_10_2018\coal_blending_view_12_10_2018\coal_blending_view\setsilostock.cpp(277): warning C4244: '=' : conversion from 'DOUBLE' to 'float', possible loss of data
     1>c:\users\aapc-pa\documents\bsl-ash-coal-blend-model\15_10_2018\coal_blending_software_backup_12_10_2018\coal_blending_view_12_10_2018\coal_blending_view\setsilostock.cpp(280): warning C4244: '=' : conversion from 'DOUBLE' to 'float', possible loss of data
     1>c:\users\aapc-pa\documents\bsl-ash-coal-blend-model\15_10_2018\coal_blending_software_backup_12_10_2018\coal_blending_view_12_10_2018\coal_blending_view\setsilostock.cpp(283): warning C4244: '=' : conversion from 'DOUBLE' to 'float', possible loss of data
     1>c:\users\aapc-pa\documents\bsl-ash-coal-blend-model\15_10_2018\coal_blending_software_backup_12_10_2018\coal_blending_view_12_10_2018\coal_blending_view\setsilostock.cpp(286): warning C4244: '=' : conversion from 'DOUBLE' to 'float', possible loss of data
     1>c:\users\aapc-pa\documents\bsl-ash-coal-blend-model\15_10_2018\coal_blending_software_backup_12_10_2018\coal_blending_view_12_10_2018\coal_blending_view\setsilostock.cpp(289): warning C4244: '=' : conversion from 'DOUBLE' to 'float', possible loss of data
     1>c:\users\aapc-pa\documents\bsl-ash-coal-blend-model\15_10_2018\coal_blending_software_backup_12_10_2018\coal_blending_view_12_10_2018\coal_blending_view\setsilostock.cpp(292): warning C4244: '=' : conversion from 'DOUBLE' to 'float', possible loss of data
     1>c:\users\aapc-pa\documents\bsl-ash-coal-blend-model\15_10_2018\coal_blending_software_backup_12_10_2018\coal_blending_view_12_10_2018\coal_blending_view\setsilostock.cpp(295): warning C4244: '=' : conversion from 'DOUBLE' to 'float', possible loss of data
     1>c:\users\aapc-pa\documents\bsl-ash-coal-blend-model\15_10_2018\coal_blending_software_backup_12_10_2018\coal_blending_view_12_10_2018\coal_blending_view\setsilostock.cpp(298): warning C4244: '=' : conversion from 'DOUBLE' to 'float', possible loss of data
     1>c:\users\aapc-pa\documents\bsl-ash-coal-blend-model\15_10_2018\coal_blending_software_backup_12_10_2018\coal_blending_view_12_10_2018\coal_blending_view\setsilostock.cpp(301): warning C4244: '=' : conversion from 'DOUBLE' to 'float', possible loss of data
     1>c:\users\aapc-pa\documents\bsl-ash-coal-blend-model\15_10_2018\coal_blending_software_backup_12_10_2018\coal_blending_view_12_10_2018\coal_blending_view\setsilostock.cpp(215): warning C4101: 'm_siloStock' : unreferenced local variable
         MainFrm.cpp
         CurrentY18Value.cpp
         Coal_Blending_ViewView.cpp
     1>c:\users\aapc-pa\documents\bsl-ash-coal-blend-model\15_10_2018\coal_blending_software_backup_12_10_2018\coal_blending_view_12_10_2018\coal_blending_view\coal_blending_viewview.cpp(201): warning C4244: '=' : conversion from 'DOUBLE' to 'float', possible loss of data
     1>c:\users\aapc-pa\documents\bsl-ash-coal-blend-model\15_10_2018\coal_blending_software_backup_12_10_2018\coal_blending_view_12_10_2018\coal_blending_view\coal_blending_viewview.cpp(214): warning C4244: '=' : conversion from 'DOUBLE' to 'float', possible loss of data
     1>c:\users\aapc-pa\documents\bsl-ash-coal-blend-model\15_10_2018\coal_blending_software_backup_12_10_2018\coal_blending_view_12_10_2018\coal_blending_view\coal_blending_viewview.cpp(304): warning C4244: '=' : conversion from 'DOUBLE' to 'float', possible loss of data
     1>c:\users\aapc-pa\documents\bsl-ash-coal-blend-model\15_10_2018\coal_blending_software_backup_12_10_2018\coal_blending_view_12_10_2018\coal_blending_view\coal_blending_viewview.cpp(316): warning C4244: '=' : conversion from 'DOUBLE' to 'float', possible loss of data
     1>c:\users\aapc-pa\documents\bsl-ash-coal-blend-model\15_10_2018\coal_blending_software_backup_12_10_2018\coal_blending_view_12_10_2018\coal_blending_view\coal_blending_viewview.cpp(406): warning C4244: '=' : conversion from 'DOUBLE' to 'float', possible loss of data
     1>c:\users\aapc-pa\documents\bsl-ash-coal-blend-model\15_10_2018\coal_blending_software_backup_12_10_2018\coal_blending_view_12_10_2018\coal_blending_view\coal_blending_viewview.cpp(419): warning C4244: '=' : conversion from 'DOUBLE' to 'float', possible loss of data
     1>c:\users\aapc-pa\documents\bsl-ash-coal-blend-model\15_10_2018\coal_blending_software_backup_12_10_2018\coal_blending_view_12_10_2018\coal_blending_view\coal_blending_viewview.cpp(538): warning C4800: 'VARIANT_BOOL' : forcing value to bool 'true' or 'false' (performance warning)
     1>c:\users\aapc-pa\documents\bsl-ash-coal-blend-model\15_10_2018\coal_blending_software_backup_12_10_2018\coal_blending_view_12_10_2018\coal_blending_view\coal_blending_viewview.cpp(539): warning C4800: 'VARIANT_BOOL' : forcing value to bool 'true' or 'false' (performance warning)
     1>c:\users\aapc-pa\documents\bsl-ash-coal-blend-model\15_10_2018\coal_blending_software_backup_12_10_2018\coal_blending_view_12_10_2018\coal_blending_view\coal_blending_viewview.cpp(540): warning C4800: 'VARIANT_BOOL' : forcing value to bool 'true' or 'false' (performance warning)
     1>c:\users\aapc-pa\documents\bsl-ash-coal-blend-model\15_10_2018\coal_blending_software_backup_12_10_2018\coal_blending_view_12_10_2018\coal_blending_view\coal_blending_viewview.cpp(541): warning C4800: 'VARIANT_BOOL' : forcing value to bool 'true' or 'false' (performance warning)
     1>c:\users\aapc-pa\documents\bsl-ash-coal-blend-model\15_10_2018\coal_blending_software_backup_12_10_2018\coal_blending_view_12_10_2018\coal_blending_view\coal_blending_viewview.cpp(542): warning C4800: 'VARIANT_BOOL' : forcing value to bool 'true' or 'false' (performance warning)
     1>c:\users\aapc-pa\documents\bsl-ash-coal-blend-model\15_10_2018\coal_blending_software_backup_12_10_2018\coal_blending_view_12_10_2018\coal_blending_view\coal_blending_viewview.cpp(543): warning C4800: 'VARIANT_BOOL' : forcing value to bool 'true' or 'false' (performance warning)
     1>c:\users\aapc-pa\documents\bsl-ash-coal-blend-model\15_10_2018\coal_blending_software_backup_12_10_2018\coal_blending_view_12_10_2018\coal_blending_view\coal_blending_viewview.cpp(545): warning C4800: 'VARIANT_BOOL' : forcing value to bool 'true' or 'false' (performance warning)
     1>c:\users\aapc-pa\documents\bsl-ash-coal-blend-model\15_10_2018\coal_blending_software_backup_12_10_2018\coal_blending_view_12_10_2018\coal_blending_view\coal_blending_viewview.cpp(546): warning C4800: 'VARIANT_BOOL' : forcing value to bool 'true' or 'false' (performance warning)
     1>c:\users\aapc-pa\documents\bsl-ash-coal-blend-model\15_10_2018\coal_blending_software_backup_12_10_2018\coal_blending_view_12_10_2018\coal_blending_view\coal_blending_viewview.cpp(547): warning C4800: 'VARIANT_BOOL' : forcing value to bool 'true' or 'false' (performance warning)
     1>c:\users\aapc-pa\documents\bsl-ash-coal-blend-model\15_10_2018\coal_blending_software_backup_12_10_2018\coal_blending_view_12_10_2018\coal_blending_view\coal_blending_viewview.cpp(548): warning C4800: 'VARIANT_BOOL' : forcing value to bool 'true' or 'false' (performance warning)
     1>c:\users\aapc-pa\documents\bsl-ash-coal-blend-model\15_10_2018\coal_blending_software_backup_12_10_2018\coal_blending_view_12_10_2018\coal_blending_view\coal_blending_viewview.cpp(549): warning C4800: 'VARIANT_BOOL' : forcing value to bool 'true' or 'false' (performance warning)
     1>c:\users\aapc-pa\documents\bsl-ash-coal-blend-model\15_10_2018\coal_blending_software_backup_12_10_2018\coal_blending_view_12_10_2018\coal_blending_view\coal_blending_viewview.cpp(550): warning C4800: 'VARIANT_BOOL' : forcing value to bool 'true' or 'false' (performance warning)
     1>c:\users\aapc-pa\documents\bsl-ash-coal-blend-model\15_10_2018\coal_blending_software_backup_12_10_2018\coal_blending_view_12_10_2018\coal_blending_view\coal_blending_viewview.cpp(552): warning C4800: 'VARIANT_BOOL' : forcing value to bool 'true' or 'false' (performance warning)
     1>c:\users\aapc-pa\documents\bsl-ash-coal-blend-model\15_10_2018\coal_blending_software_backup_12_10_2018\coal_blending_view_12_10_2018\coal_blending_view\coal_blending_viewview.cpp(553): warning C4800: 'VARIANT_BOOL' : forcing value to bool 'true' or 'false' (performance warning)
         Coal_Blending_ViewDoc.cpp
         Coal_Blending_View.cpp
         CoalSiloSource.cpp
         ChangeSource.cpp
     1>c:\users\aapc-pa\documents\bsl-ash-coal-blend-model\15_10_2018\coal_blending_software_backup_12_10_2018\coal_blending_view_12_10_2018\coal_blending_view\changesource.cpp(489): warning C4244: '=' : conversion from 'wchar_t' to 'unsigned char', possible loss of data
         BlendPercent.cpp
         Generating Code...
       ResourceCompile:
         C:\Program Files (x86)\Windows Kits\8.1\bin\x86\rc.exe /D _DEBUG /D _UNICODE /D UNICODE /D _AFXDLL /l"0x0409" /IDebug\ /nologo /fo"Debug\Coal_Blending_View.res" Coal_Blending_View.rc 
       Link:
         C:\Program Files (x86)\Microsoft Visual Studio 12.0\VC\bin\link.exe /ERRORREPORT:PROMPT /OUT:"C:\Users\aapc-pa\Documents\bsl-ash-coal-blend-model\15_10_2018\coal_blending_software_backup_12_10_2018\Coal_Blending_View_12_10_2018\Debug\Coal_Blending_View.exe" /INCREMENTAL /NOLOGO /MANIFEST /MANIFESTUAC:"level='asInvoker' uiAccess='false'" /manifest:embed /manifestinput:"C:\Program Files (x86)\Microsoft Visual Studio 12.0\VC\Include\Manifest\dpiaware.manifest" /DEBUG /PDB:"C:\Users\aapc-pa\Documents\bsl-ash-coal-blend-model\15_10_2018\coal_blending_software_backup_12_10_2018\Coal_Blending_View_12_10_2018\Debug\Coal_Blending_View.pdb" /SUBSYSTEM:WINDOWS /TLBID:1 /ENTRY:"wWinMainCRTStartup" /DYNAMICBASE /NXCOMPAT /IMPLIB:"C:\Users\aapc-pa\Documents\bsl-ash-coal-blend-model\15_10_2018\coal_blending_software_backup_12_10_2018\Coal_Blending_View_12_10_2018\Debug\Coal_Blending_View.lib" /MACHINE:X86 Debug\Coal_Blending_View.res
         Debug\BlendPercent.obj
         Debug\ChangeSource.obj
         Debug\CoalSiloSource.obj
         Debug\Coal_Blending_View.obj
         Debug\Coal_Blending_ViewDoc.obj
         Debug\Coal_Blending_ViewView.obj
         Debug\CurrentY18Value.obj
         Debug\MainFrm.obj
         Debug\SetSiloStock.obj
         Debug\SetSiloStock_02_54.obj
         Debug\Setsilostock_2A_54a.obj
         Debug\stdafx.obj
         Coal_Blending_View.vcxproj -> C:\Users\aapc-pa\Documents\bsl-ash-coal-blend-model\15_10_2018\coal_blending_software_backup_12_10_2018\Coal_Blending_View_12_10_2018\Debug\Coal_Blending_View.exe
     1>Done Building Project "C:\Users\aapc-pa\Documents\bsl-ash-coal-blend-model\15_10_2018\coal_blending_software_backup_12_10_2018\Coal_Blending_View_12_10_2018\Coal_Blending_View\Coal_Blending_View.vcxproj" (Rebuild target(s)).

Build succeeded.

Time Elapsed 00:00:07.38
