d:\blending_software\coal_blending_view\coal_blending_view\debug\vc120.pdb
c:\users\aapc-pa\documents\bsl-ash-coal-blend-model\15_10_2018\coal_blending_software_backup_12_10_2018\coal_blending_view_12_10_2018\coal_blending_view\debug\coal_blending_view.pch
c:\users\aapc-pa\documents\bsl-ash-coal-blend-model\15_10_2018\coal_blending_software_backup_12_10_2018\coal_blending_view_12_10_2018\coal_blending_view\debug\vc120.pdb
c:\users\aapc-pa\documents\bsl-ash-coal-blend-model\15_10_2018\coal_blending_software_backup_12_10_2018\coal_blending_view_12_10_2018\coal_blending_view\debug\vc120.idb
c:\users\aapc-pa\documents\bsl-ash-coal-blend-model\15_10_2018\coal_blending_software_backup_12_10_2018\coal_blending_view_12_10_2018\coal_blending_view\debug\stdafx.obj
c:\users\aapc-pa\documents\bsl-ash-coal-blend-model\15_10_2018\coal_blending_software_backup_12_10_2018\coal_blending_view_12_10_2018\coal_blending_view\debug\blendpercent.obj
c:\users\aapc-pa\documents\bsl-ash-coal-blend-model\15_10_2018\coal_blending_software_backup_12_10_2018\coal_blending_view_12_10_2018\coal_blending_view\debug\changesource.obj
c:\users\aapc-pa\documents\bsl-ash-coal-blend-model\15_10_2018\coal_blending_software_backup_12_10_2018\coal_blending_view_12_10_2018\coal_blending_view\debug\coalsilosource.obj
c:\users\aapc-pa\documents\bsl-ash-coal-blend-model\15_10_2018\coal_blending_software_backup_12_10_2018\coal_blending_view_12_10_2018\coal_blending_view\debug\coal_blending_view.obj
c:\users\aapc-pa\documents\bsl-ash-coal-blend-model\15_10_2018\coal_blending_software_backup_12_10_2018\coal_blending_view_12_10_2018\coal_blending_view\debug\coal_blending_viewdoc.obj
c:\users\aapc-pa\documents\bsl-ash-coal-blend-model\15_10_2018\coal_blending_software_backup_12_10_2018\coal_blending_view_12_10_2018\coal_blending_view\debug\coal_blending_viewview.obj
c:\users\aapc-pa\documents\bsl-ash-coal-blend-model\15_10_2018\coal_blending_software_backup_12_10_2018\coal_blending_view_12_10_2018\coal_blending_view\debug\currenty18value.obj
c:\users\aapc-pa\documents\bsl-ash-coal-blend-model\15_10_2018\coal_blending_software_backup_12_10_2018\coal_blending_view_12_10_2018\coal_blending_view\debug\mainfrm.obj
c:\users\aapc-pa\documents\bsl-ash-coal-blend-model\15_10_2018\coal_blending_software_backup_12_10_2018\coal_blending_view_12_10_2018\coal_blending_view\debug\setsilostock.obj
c:\users\aapc-pa\documents\bsl-ash-coal-blend-model\15_10_2018\coal_blending_software_backup_12_10_2018\coal_blending_view_12_10_2018\coal_blending_view\debug\setsilostock_02_54.obj
c:\users\aapc-pa\documents\bsl-ash-coal-blend-model\15_10_2018\coal_blending_software_backup_12_10_2018\coal_blending_view_12_10_2018\coal_blending_view\debug\setsilostock_2a_54a.obj
d:\blending_software\coal_blending_view\debug\coal_blending_view.ilk
d:\blending_software\coal_blending_view\debug\coal_blending_view.exe
d:\blending_software\coal_blending_view\debug\coal_blending_view.pdb
c:\users\aapc-pa\documents\bsl-ash-coal-blend-model\15_10_2018\coal_blending_software_backup_12_10_2018\coal_blending_view_12_10_2018\debug\coal_blending_view.ilk
c:\users\aapc-pa\documents\bsl-ash-coal-blend-model\15_10_2018\coal_blending_software_backup_12_10_2018\coal_blending_view_12_10_2018\debug\coal_blending_view.exe
c:\users\aapc-pa\documents\bsl-ash-coal-blend-model\15_10_2018\coal_blending_software_backup_12_10_2018\coal_blending_view_12_10_2018\debug\coal_blending_view.pdb
c:\users\aapc-pa\documents\bsl-ash-coal-blend-model\15_10_2018\coal_blending_software_backup_12_10_2018\coal_blending_view_12_10_2018\coal_blending_view\debug\coal_blending_view.res
c:\users\aapc-pa\documents\bsl-ash-coal-blend-model\15_10_2018\coal_blending_software_backup_12_10_2018\coal_blending_view_12_10_2018\coal_blending_view\debug\msado15.tli
c:\users\aapc-pa\documents\bsl-ash-coal-blend-model\15_10_2018\coal_blending_software_backup_12_10_2018\coal_blending_view_12_10_2018\coal_blending_view\debug\msado15.tlh
c:\users\aapc-pa\documents\bsl-ash-coal-blend-model\15_10_2018\coal_blending_software_backup_12_10_2018\coal_blending_view_12_10_2018\coal_blending_view\debug\coal_ble.c55d93ba.tlog\cl.command.1.tlog
c:\users\aapc-pa\documents\bsl-ash-coal-blend-model\15_10_2018\coal_blending_software_backup_12_10_2018\coal_blending_view_12_10_2018\coal_blending_view\debug\coal_ble.c55d93ba.tlog\cl.read.1.tlog
c:\users\aapc-pa\documents\bsl-ash-coal-blend-model\15_10_2018\coal_blending_software_backup_12_10_2018\coal_blending_view_12_10_2018\coal_blending_view\debug\coal_ble.c55d93ba.tlog\cl.write.1.tlog
c:\users\aapc-pa\documents\bsl-ash-coal-blend-model\15_10_2018\coal_blending_software_backup_12_10_2018\coal_blending_view_12_10_2018\coal_blending_view\debug\coal_ble.c55d93ba.tlog\link.command.1.tlog
c:\users\aapc-pa\documents\bsl-ash-coal-blend-model\15_10_2018\coal_blending_software_backup_12_10_2018\coal_blending_view_12_10_2018\coal_blending_view\debug\coal_ble.c55d93ba.tlog\link.read.1.tlog
c:\users\aapc-pa\documents\bsl-ash-coal-blend-model\15_10_2018\coal_blending_software_backup_12_10_2018\coal_blending_view_12_10_2018\coal_blending_view\debug\coal_ble.c55d93ba.tlog\link.write.1.tlog
c:\users\aapc-pa\documents\bsl-ash-coal-blend-model\15_10_2018\coal_blending_software_backup_12_10_2018\coal_blending_view_12_10_2018\coal_blending_view\debug\coal_ble.c55d93ba.tlog\rc.command.1.tlog
c:\users\aapc-pa\documents\bsl-ash-coal-blend-model\15_10_2018\coal_blending_software_backup_12_10_2018\coal_blending_view_12_10_2018\coal_blending_view\debug\coal_ble.c55d93ba.tlog\rc.read.1.tlog
c:\users\aapc-pa\documents\bsl-ash-coal-blend-model\15_10_2018\coal_blending_software_backup_12_10_2018\coal_blending_view_12_10_2018\coal_blending_view\debug\coal_ble.c55d93ba.tlog\rc.write.1.tlog
